<?xml version="1.0" encoding="UTF-8"?>
<!-- Generated by org.testng.reporters.JUnitXMLReporter -->
<testsuite hostname="PRINHYLTPDL0593" name="Command line test" tests="1" failures="0" timestamp="25 Jul 2016 11:15:16 GMT" time="0.032" errors="0">
  <testcase name="@BeforeClass setup" time="0.0" classname="com.imaginea.tests.SampleTest">
    <failure type="org.testng.TestNGException" message="
Parameter &amp;apos;browser&amp;apos; is required by @Configuration on method setup but has not been marked @Optional or defined
">
      <![CDATA[org.testng.TestNGException: 
Parameter 'browser' is required by @Configuration on method setup but has not been marked @Optional or defined

... Removed 30 stack frames]]>
    </failure>
  </testcase> <!-- @BeforeClass setup -->
  <testcase name="@BeforeClass beforeClass" time="0.0" classname="com.imaginea.tests.SampleTest">
    <skipped/>
  </testcase> <!-- @BeforeClass beforeClass -->
  <testcase name="launch" time="0.004" classname="com.imaginea.tests.SampleTest">
    <skipped/>
  </testcase> <!-- launch -->
</testsuite> <!-- Command line test -->
